Start build intervals..
block:62, 68
Now step 2
block:54, 62
Now step 2
succ:24, 30
block:52, 54
Now step 2
succ:54, 62
block:42, 52
Now step 2
succ:52, 54
block:30, 42
Now step 2
succ:42, 52
succ:52, 54
block:24, 30
Now step 2
succ:30, 42
succ:62, 68
block:0, 24
Now step 2
succ:24, 30
Start Linear Scan Allocation..
............................
0:66,68
1:64,68
2:62,68
3:4,24
4:60,62
6:58,62
7:56,62
8:6,24
9:54,62
11:52,54
13:50,52
15:48,52
16:46,52
17:44,52
18:2,24
20:42,52
21:40,42
22:38,42
24:34,42
25:36,42
26:32,42
27:30,42
28:28,30
29:26,30
32:24,30
34:22,24
35:20,24
36:18,24
37:16,24
38:14,24
39:12,24
40:10,24
46:8,24
48:0,24
............................
1:
2:
3:
5:
7:
8:
9:
10:
12:
14:
16:
17:
18:
19:
20:
22:
23:
24:
25:
26:
27:
29:
30:
31:
32:
33:
37:
38:
40:
41:
42:
43:
44:
45:
47:
48:
49:
............................
Startpoint of Built intervals
0 8 10 12 14 16 18 20 22 24 26 28 30 32 36 34 38 40 42 2 44 46 48 50 52 54 6 56 58 60 4 62 64 66 
After Sort: 
0 2 4 6 8 10 12 14 16 18 20 22 24 26 28 30 32 34 36 38 40 42 44 46 48 50 52 54 56 58 60 62 64 66 
size_use_contexts:37
1:1
2:1
3:4
5:2
7:1
8:6
9:1
10:1
12:1
14:2
16:1
17:1
18:4
19:5
20:1
22:1
23:1
24:1
25:1
26:1
27:1
29:1
30:1
31:1
32:1
33:1
37:1
38:1
40:1
41:1
42:1
43:1
44:1
45:1
47:1
48:1
49:4
Total number of intervals:34
-------------------------------
Interval: 0
updateRAState(): 
active_set_size: 0, inactive_set_size: 0
active_iid: 
inactive_iid: 
tryAllocateFreeReg():
register assigned = 0
-------------------------------
Interval: 1
updateRAState(): 
active_set_size: 1, inactive_set_size: 0
active_iid: 0 
inactive_iid: 
tryAllocateFreeReg():
register assigned = 1
-------------------------------
Interval: 2
updateRAState(): 
active_set_size: 2, inactive_set_size: 0
active_iid: 0 1 
inactive_iid: 
tryAllocateFreeReg():
register assigned = 2
-------------------------------
Interval: 3
updateRAState(): 
active_set_size: 3, inactive_set_size: 0
active_iid: 0 1 2 
inactive_iid: 
allocateBlockedReg():
active_iid: 0
findNextUse: iid=0
next_use: 2147483647
active_iid: 1
findNextUse: iid=1
helper start: 66 next_use: 66
active_iid: 2
findNextUse: iid=2
helper start: 64 next_use: 64
active_erase: 0, active_after: 2, inactive_after: 1
register assigned = 0
-------------------------------
Interval: 4
updateRAState(): 
active_set_size: 4, inactive_set_size: 0
active_iid: 0 1 2 3 
inactive_iid: 
tryAllocateFreeReg():
register assigned = 0
-------------------------------
Interval: 5
updateRAState(): 
active_set_size: 5, inactive_set_size: 0
active_iid: 0 1 2 3 4 
inactive_iid: 
tryAllocateFreeReg():
register assigned = 0
-------------------------------
Interval: 6
updateRAState(): 
active_set_size: 6, inactive_set_size: 0
active_iid: 0 1 2 3 4 5 
inactive_iid: 
tryAllocateFreeReg():
register assigned = 0
-------------------------------
Interval: 7
updateRAState(): 
active_set_size: 7, inactive_set_size: 0
active_iid: 0 1 2 3 4 5 6 
inactive_iid: 
tryAllocateFreeReg():
register assigned = 0
-------------------------------
Interval: 8
updateRAState(): 
active_set_size: 8, inactive_set_size: 0
active_iid: 0 1 2 3 4 5 6 7 
inactive_iid: 
tryAllocateFreeReg():
register assigned = 0
-------------------------------
Interval: 9
updateRAState(): 
active_set_size: 9, inactive_set_size: 0
active_iid: 0 1 2 3 4 5 6 7 8 
inactive_iid: 
tryAllocateFreeReg():
register assigned = 0
-------------------------------
Interval: 10
updateRAState(): 
active_set_size: 10, inactive_set_size: 0
active_iid: 0 1 2 3 4 5 6 7 8 9 
inactive_iid: 
tryAllocateFreeReg():
register assigned = 0
-------------------------------
Interval: 11
updateRAState(): 
active_set_size: 11, inactive_set_size: 0
active_iid: 0 1 2 3 4 5 6 7 8 9 10 
inactive_iid: 
tryAllocateFreeReg():
register assigned = 0
-------------------------------
Interval: 12
updateRAState(): 
active_set_size: 12, inactive_set_size: 0
active_iid: 0 1 2 3 4 5 6 7 8 9 10 11 
inactive_iid: 
tryAllocateFreeReg():
register assigned = 0
-------------------------------
Interval: 13
updateRAState(): 
active_set_size: 1, inactive_set_size: 0
active_iid: 12 
inactive_iid: 
tryAllocateFreeReg():
register assigned = 1
-------------------------------
Interval: 14
updateRAState(): 
active_set_size: 2, inactive_set_size: 0
active_iid: 12 13 
inactive_iid: 
tryAllocateFreeReg():
register assigned = 2
-------------------------------
Interval: 15
updateRAState(): 
active_set_size: 3, inactive_set_size: 0
active_iid: 12 13 14 
inactive_iid: 
allocateBlockedReg():
active_iid: 12
findNextUse: iid=12
helper start: 52 next_use: 52
active_iid: 13
findNextUse: iid=13
next_use: 2147483647
active_iid: 14
findNextUse: iid=14
helper start: 40 next_use: 40
active_erase: 13, active_after: 2, inactive_after: 1
register assigned = 1
-------------------------------
Interval: 16
updateRAState(): 
active_set_size: 1, inactive_set_size: 0
active_iid: 15 
inactive_iid: 
tryAllocateFreeReg():
register assigned = 0
-------------------------------
Interval: 17
updateRAState(): 
active_set_size: 2, inactive_set_size: 0
active_iid: 15 16 
inactive_iid: 
tryAllocateFreeReg():
register assigned = 2
-------------------------------
Interval: 18
updateRAState(): 
active_set_size: 3, inactive_set_size: 0
active_iid: 15 16 17 
inactive_iid: 
allocateBlockedReg():
active_iid: 15
findNextUse: iid=15
next_use: 2147483647
active_iid: 16
findNextUse: iid=16
helper start: 48 next_use: 48
active_iid: 17
findNextUse: iid=17
helper start: 46 next_use: 46
active_erase: 15, active_after: 2, inactive_after: 1
register assigned = 1
-------------------------------
Interval: 19
updateRAState(): 
active_set_size: 4, inactive_set_size: 0
active_iid: 15 16 17 18 
inactive_iid: 
tryAllocateFreeReg():
register assigned = 0
-------------------------------
Interval: 20
updateRAState(): 
active_set_size: 5, inactive_set_size: 0
active_iid: 15 16 17 18 19 
inactive_iid: 
tryAllocateFreeReg():
register assigned = 0
-------------------------------
Interval: 21
updateRAState(): 
active_set_size: 6, inactive_set_size: 0
active_iid: 15 16 17 18 19 20 
inactive_iid: 
tryAllocateFreeReg():
register assigned = 0
-------------------------------
Interval: 22
updateRAState(): 
active_set_size: 1, inactive_set_size: 0
active_iid: 21 
inactive_iid: 
tryAllocateFreeReg():
register assigned = 1
-------------------------------
Interval: 23
updateRAState(): 
active_set_size: 2, inactive_set_size: 0
active_iid: 21 22 
inactive_iid: 
tryAllocateFreeReg():
register assigned = 2
-------------------------------
Interval: 24
updateRAState(): 
active_set_size: 3, inactive_set_size: 0
active_iid: 21 22 23 
inactive_iid: 
allocateBlockedReg():
active_iid: 21
findNextUse: iid=21
next_use: 2147483647
active_iid: 22
findNextUse: iid=22
helper start: 40 
next_use: 2147483647
active_iid: 23
findNextUse: iid=23
helper start: 40 
next_use: 2147483647
active_erase: 21, active_after: 2, inactive_after: 1
register assigned = 0
-------------------------------
Interval: 25
updateRAState(): 
active_set_size: 4, inactive_set_size: 0
active_iid: 21 22 23 24 
inactive_iid: 
tryAllocateFreeReg():
register assigned = 0
-------------------------------
Interval: 26
updateRAState(): 
active_set_size: 5, inactive_set_size: 0
active_iid: 21 22 23 24 25 
inactive_iid: 
tryAllocateFreeReg():
register assigned = 0
-------------------------------
Interval: 27
updateRAState(): 
active_set_size: 1, inactive_set_size: 0
active_iid: 26 
inactive_iid: 
tryAllocateFreeReg():
register assigned = 1
-------------------------------
Interval: 28
updateRAState(): 
active_set_size: 1, inactive_set_size: 0
active_iid: 27 
inactive_iid: 
tryAllocateFreeReg():
register assigned = 0
-------------------------------
Interval: 29
updateRAState(): 
active_set_size: 2, inactive_set_size: 0
active_iid: 27 28 
inactive_iid: 
tryAllocateFreeReg():
register assigned = 2
-------------------------------
Interval: 30
updateRAState(): 
active_set_size: 3, inactive_set_size: 0
active_iid: 27 28 29 
inactive_iid: 
allocateBlockedReg():
active_iid: 27
findNextUse: iid=27
helper start: 32 
next_use: 2147483647
active_iid: 28
findNextUse: iid=28
next_use: 2147483647
active_iid: 29
findNextUse: iid=29
helper start: 28 
next_use: 2147483647
active_erase: 28, active_after: 2, inactive_after: 1
register assigned = 0
-------------------------------
Interval: 31
updateRAState(): 
active_set_size: 4, inactive_set_size: 0
active_iid: 27 28 29 30 
inactive_iid: 
tryAllocateFreeReg():
register assigned = 0
-------------------------------
Interval: 32
updateRAState(): 
active_set_size: 1, inactive_set_size: 0
active_iid: 31 
inactive_iid: 
tryAllocateFreeReg():
register assigned = 1
-------------------------------
Interval: 33
updateRAState(): 
active_set_size: 2, inactive_set_size: 0
active_iid: 31 32 
inactive_iid: 
tryAllocateFreeReg():
register assigned = 2
------------virtual2machine---BEGIN-------
0
1
2
0
0
0
0
0
0
0
0
0
0
1
2
1
0
2
1
0
0
0
1
2
0
0
0
1
0
2
0
0
1
2
------------virtual2machine----END------
Start Generate Assembly Code..
